1 1
Adding 0
Switch States
Adding 1
Adding 1
2 1
Adding 00
Adding 10
Adding 10
Switch States
Adding 1
2 2
Switch States
Adding 01
Adding 11
Adding 11
3 1
Adding 000
Adding 100
Adding 100
Adding 10
Switch States
Adding 1
3 2
Adding 010
Adding 110
Adding 110
Switch States
Adding 001
Adding 101
Adding 101
Adding 11
3 3
Switch States
Adding 011
Adding 111
Adding 111
4 1
Adding 0000
Adding 1000
Adding 1000
Adding 100
Adding 10
Switch States
Adding 1
4 2
Adding 0100
Adding 1100
Adding 1100
Adding 0010
Adding 1010
Adding 1010
Adding 110
Switch States
Adding 0001
Adding 1001
Adding 1001
Adding 101
Adding 11
4 3
Adding 0110
Adding 1110
Adding 1110
Switch States
Adding 0101
Adding 1101
Adding 1101
Adding 0011
Adding 1011
Adding 1011
Adding 111
4 4
Switch States
Adding 0111
Adding 1111
Adding 1111
5 1
Adding 00000
Adding 10000
Adding 10000
Adding 1000
Adding 100
Adding 10
Switch States
Adding 1
5 2
Adding 01000
Adding 11000
Adding 11000
Adding 00100
Adding 10100
Adding 10100
Adding 1100
Adding 00010
Adding 10010
Adding 10010
Adding 1010
Adding 110
Switch States
Adding 00001
Adding 10001
Adding 10001
Adding 1001
Adding 101
Adding 11
5 3
Adding 01100
Adding 11100
Adding 11100
Adding 01010
Adding 11010
Adding 11010
Adding 00110
Adding 10110
Adding 10110
Adding 1110
Switch States
Adding 01001
Adding 11001
Adding 11001
Adding 00101
Adding 10101
Adding 10101
Adding 1101
Adding 00011
Adding 10011
Adding 10011
Adding 1011
Adding 111
5 4
Adding 01110
Adding 11110
Adding 11110
Switch States
Adding 01101
Adding 11101
Adding 11101
Adding 01011
Adding 11011
Adding 11011
Adding 00111
Adding 10111
Adding 10111
Adding 1111
5 5
Switch States
Adding 01111
Adding 11111
Adding 11111
111
